info it worked if it ends with ok
verbose cli [ 'node', '/usr/local/bin/npm', 'install', '-g', 'socket-io' ]
info using npm@1.1.21
info using node@v0.6.17
verbose config file /Users/gaurav/.npmrc
verbose config file /usr/local/etc/npmrc
verbose config file /usr/local/lib/node_modules/npm/npmrc
verbose cache add [ 'socket-io', null ]
silly cache add: name, spec, args [ undefined, 'socket-io', [ 'socket-io', null ] ]
verbose parsed url { pathname: 'socket-io', path: 'socket-io', href: 'socket-io' }
verbose addNamed [ 'socket-io', '' ]
verbose addNamed [ null, '' ]
silly name, range, hasData [ 'socket-io', '', false ]
verbose raw, before any munging socket-io
verbose url resolving [ 'https://registry.npmjs.org/', './socket-io' ]
verbose url resolved https://registry.npmjs.org/socket-io
http GET https://registry.npmjs.org/socket-io
http 404 https://registry.npmjs.org/socket-io
silly get cb [ 404,
silly get cb   { server: 'CouchDB/1.2.0 (Erlang OTP/R15B)',
silly get cb     date: 'Fri, 08 Jun 2012 21:13:16 GMT',
silly get cb     'content-type': 'application/json',
silly get cb     'content-length': '52',
silly get cb     'cache-control': 'must-revalidate' } ]
ERR! 404 'socket-io' is not in the npm registry.
ERR! 404 You should bug the author to publish it
ERR! 404 Note that you can also install from a
ERR! 404 tarball, folder, or http url, or git url.
ERR! 
ERR! System Darwin 11.4.0
ERR! command "node" "/usr/local/bin/npm" "install" "-g" "socket-io"
ERR! cwd /Users/gaurav/Sites/OpenSource/impressjs-remote/impressjs-remote
ERR! node -v v0.6.17
ERR! npm -v 1.1.21
ERR! code E404
ERR! message 404 Not Found: socket-io
ERR! errno {}
verbose exit [ 1, true ]
